<?xml version="1.0" encoding="UTF-8"?>
<testng-results skipped="0" failed="0" ignored="0" total="1" passed="1">
  <reporter-output>
  </reporter-output>
  <suite name="Default suite" duration-ms="15762" started-at="2020-03-21T16:50:23Z" finished-at="2020-03-21T16:50:39Z">
    <groups>
    </groups>
    <test name="Default test" duration-ms="15762" started-at="2020-03-21T16:50:23Z" finished-at="2020-03-21T16:50:39Z">
      <class name="Test.TestCase03">
        <test-method status="PASS" signature="browserOpen()[pri:0, instance:Test.TestCase03@66a3ffec]" name="browserOpen" is-config="true" duration-ms="7211" started-at="2020-03-21T16:50:23Z" finished-at="2020-03-21T16:50:30Z">
          <reporter-output>
          </reporter-output>
        </test-method> <!-- browserOpen -->
        <test-method status="PASS" signature="day01()[pri:0, instance:Test.TestCase03@66a3ffec]" name="day01" duration-ms="4255" started-at="2020-03-21T16:50:30Z" finished-at="2020-03-21T16:50:34Z">
          <reporter-output>
          </reporter-output>
        </test-method> <!-- day01 -->
        <test-method status="PASS" signature="day01()[pri:0, instance:Test.TestCase03@66a3ffec]" name="day01" is-config="true" duration-ms="4276" started-at="2020-03-21T16:50:34Z" finished-at="2020-03-21T16:50:39Z">
          <reporter-output>
          </reporter-output>
        </test-method> <!-- day01 -->
      </class> <!-- Test.TestCase03 -->
    </test> <!-- Default test -->
  </suite> <!-- Default suite -->
</testng-results>
